30.1.2026, 11:17:12 - INFO - Server ready at port 3333
30.1.2026, 11:17:15 - ERROR - Failed to Login Unknown email
30.1.2026, 11:17:21 - INFO - User signup: | {"_id":"Z8k2I9","name":"Afik Yefet","email":"afik.yefet@gmail.com"}
30.1.2026, 11:17:21 - INFO - Server ready at port 3333
30.1.2026, 11:20:39 - INFO - Server ready at port 3333
30.1.2026, 11:22:47 - INFO - Server ready at port 3333
30.1.2026, 11:22:49 - INFO - Server ready at port 3333
30.1.2026, 11:22:52 - INFO - Server ready at port 3333
30.1.2026, 11:22:56 - INFO - Server ready at port 3333
30.1.2026, 11:23:02 - ERROR - Failed to signup Email already taken
30.1.2026, 11:23:45 - ERROR - Failed to signup Email already taken
30.1.2026, 11:24:41 - INFO - Server ready at port 3333
30.1.2026, 11:24:45 - INFO - Server ready at port 3333
30.1.2026, 11:24:47 - INFO - Server ready at port 3333
30.1.2026, 11:24:51 - INFO - Server ready at port 3333
30.1.2026, 11:24:53 - INFO - Server ready at port 3333
30.1.2026, 11:25:01 - INFO - Server ready at port 3333
30.1.2026, 11:25:02 - INFO - Server ready at port 3333
30.1.2026, 11:26:23 - INFO - User signup: | {"_id":"697c793f54431e45355df375","name":"Afik Yefet","email":"afik.yefet@gmail.com"}
30.1.2026, 11:59:26 - INFO - Server ready at port 3333
30.1.2026, 11:59:46 - INFO - Server ready at port 3333
30.1.2026, 12:00:36 - INFO - Server ready at port 3333
30.1.2026, 12:00:49 - INFO - Server ready at port 3333
30.1.2026, 12:11:36 - INFO - User login:  | {"_id":"697c793f54431e45355df375","name":"Afik Yefet","email":"afik.yefet@gmail.com"}
30.1.2026, 12:11:52 - INFO - User signup: | {"_id":"697c83e8f6c63ad68457fa2d","name":"123","email":"123@123.com"}
30.1.2026, 12:13:14 - INFO - Server ready at port 3333
30.1.2026, 12:16:14 - INFO - Server ready at port 3333
30.1.2026, 12:18:25 - INFO - Server ready at port 3333
30.1.2026, 12:18:37 - INFO - Server ready at port 3333
30.1.2026, 12:18:58 - INFO - User login:  | {"_id":"697c83e8f6c63ad68457fa2d","name":"123","email":"123@123.com"}
